Starting Metro Bundler
Static rendering is enabled. Learn more: https://docs.expo.dev/router/reference/static-rendering/
Web node_modules/expo-router/entry.js ░░░░░░░░░░░░░░░░  0.0% (0/1)
λ node_modules/expo-router/node/render.js ░░░░░░░░░░░░░░░░  0.0% (0/1)
Web node_modules/expo-router/entry.js ▓▓▓▓▓▓░░░░░░░░░░ 39.9% (18/57)
λ node_modules/expo-router/node/render.js ▓▓░░░░░░░░░░░░░░ 13.2% ( 15/125)
Web node_modules/expo-router/entry.js ▓▓▓▓▓▓░░░░░░░░░░ 39.9% ( 37/177)
λ node_modules/expo-router/node/render.js ▓▓░░░░░░░░░░░░░░ 13.2% ( 79/271)
Web node_modules/expo-router/entry.js ▓▓▓▓▓▓░░░░░░░░░░ 39.9% (104/269)
λ node_modules/expo-router/node/render.js ▓▓░░░░░░░░░░░░░░ 15.2% (125/321)
Web node_modules/expo-router/entry.js ▓▓▓▓▓▓░░░░░░░░░░ 39.9% (175/333)
λ node_modules/expo-router/node/render.js ▓▓▓▓▓░░░░░░░░░░░ 34.4% (250/426)
Web node_modules/expo-router/entry.js ▓▓▓▓▓▓░░░░░░░░░░ 39.9% (260/417)
λ node_modules/expo-router/node/render.js ▓▓▓▓▓▓▓░░░░░░░░░ 44.0% (321/484)
Web node_modules/expo-router/entry.js ▓▓▓▓▓▓▓░░░░░░░░░ 48.5% (330/474)
λ node_modules/expo-router/node/render.js ▓▓▓▓▓▓▓▓░░░░░░░░ 52.0% (370/513)
Web node_modules/expo-router/entry.js ▓▓▓▓▓▓▓░░░░░░░░░ 48.9% ( 338/2195)
λ node_modules/expo-router/node/render.js ▓▓▓▓▓▓▓▓▓▓░░░░░░ 64.8% (438/544)
Web node_modules/expo-router/entry.js ▓▓▓▓▓▓▓░░░░░░░░░ 48.9% ( 383/2212)
λ node_modules/expo-router/node/render.js ▓▓▓▓▓▓▓▓▓▓░░░░░░ 68.1% ( 480/2279)
Web node_modules/expo-router/entry.js ▓▓▓▓▓▓▓░░░░░░░░░ 48.9% ( 473/2271)
λ node_modules/expo-router/node/render.js ▓▓▓▓▓▓▓▓▓▓░░░░░░ 68.1% ( 484/2279)
Web node_modules/expo-router/entry.js ▓▓▓▓▓▓▓░░░░░░░░░ 48.9% ( 810/2272)
λ node_modules/expo-router/node/render.js ▓▓▓▓▓▓▓▓▓▓░░░░░░ 68.1% ( 522/2302)
Web node_modules/expo-router/entry.js ▓▓▓▓▓▓▓░░░░░░░░░ 48.9% (1388/2272)
λ node_modules/expo-router/node/render.js ▓▓▓▓▓▓▓▓▓▓░░░░░░ 68.1% ( 522/2302)
Web node_modules/expo-router/entry.js ▓▓▓▓▓▓▓▓▓▓░░░░░░ 62.7% (1799/2272)
λ node_modules/expo-router/node/render.js ▓▓▓▓▓▓▓▓▓▓░░░░░░ 68.1% ( 522/2302)
Web node_modules/expo-router/entry.js ▓▓▓▓▓▓▓▓▓▓▓▓▓▓░░ 89.4% (2148/2272)
λ node_modules/expo-router/node/render.js ▓▓▓▓▓▓▓▓▓▓░░░░░░ 68.1% ( 522/2302)
Web node_modules/expo-router/entry.js ▓▓▓▓▓▓▓▓▓▓▓▓▓▓░░ 92.5% (2208/2302)
λ node_modules/expo-router/node/render.js ▓▓▓▓▓▓▓▓▓▓░░░░░░ 68.1% ( 710/2338)
Web node_modules/expo-router/entry.js ▓▓▓▓▓▓▓▓▓▓▓▓▓▓░░ 92.5% (2208/2302)
λ node_modules/expo-router/node/render.js ▓▓▓▓▓▓▓▓▓▓░░░░░░ 68.1% (1328/2338)
Web node_modules/expo-router/entry.js ▓▓▓▓▓▓▓▓▓▓▓▓▓▓░░ 92.5% (2208/2302)
λ node_modules/expo-router/node/render.js ▓▓▓▓▓▓▓▓▓▓░░░░░░ 68.1% (1796/2338)
Web node_modules/expo-router/entry.js ▓▓▓▓▓▓▓▓▓▓▓▓▓▓░░ 93.7% (2244/2318)
λ node_modules/expo-router/node/render.js ▓▓▓▓▓▓▓▓▓▓▓▓▓▓▓░ 94.5% (2280/2345)
Web node_modules/expo-router/entry.js ▓▓▓▓▓▓▓▓▓▓▓▓▓▓▓░ 96.4% (2353/2403)
λ node_modules/expo-router/node/render.js ▓▓▓▓▓▓▓▓▓▓▓▓▓▓▓░ 97.3% (2383/2421)
Web node_modules/expo-router/entry.js ▓▓▓▓▓▓▓▓▓▓▓▓▓▓▓░ 98.5% (2477/2505)
λ node_modules/expo-router/node/render.js ▓▓▓▓▓▓▓▓▓▓▓▓▓▓▓░ 98.5% (2484/2523)
Web Bundled 69322ms node_modules/expo-router/entry.js (2523 modules)
λ Bundled 69504ms node_modules/expo-router/node/render.js (2553 modules)
Configuración de Supabase incompleta. Verifica que EXPO_PUBLIC_SUPABASE_URL y EXPO_PUBLIC_SUPABASE_ANON_KEY estén definidas en tu entorno de Expo / .env
(node:173004) [DEP0040] DeprecationWarning: The `punycode` module is deprecated. Please use a userland alternative instead.
(Use `node --trace-deprecation ...` to show where the warning was created)

› web bundles (2):
_expo/static/css/web-5cd7cc1e996bbfe502b420b96c3739ff.css (11.8 kB)
_expo/static/js/web/entry-e864d4c10a8473d8fb14dadc8b76697b.js (3.23 MB)

› Static routes (24):
/cart (18.2 kB)
/modal (18.2 kB)
/login (18.2 kB)
/ (index) (18.2 kB)
/search (18.2 kB)
/profile (18.2 kB)
/_sitemap (17.6 kB)
/register (18.2 kB)
/policies (18.2 kB)
/dashboard (18.2 kB)
/+not-found (18.2 kB)
/add-product (18.2 kB)
/my-products (18.2 kB)
/(auth)/login (18.2 kB)
/quotation/[id] (18.2 kB)
/(auth)/register (18.2 kB)
/(buyer_tabs)/cart (18.2 kB)
/(buyer_tabs) (18.2 kB)
/(buyer_tabs)/search (18.2 kB)
/(buyer_tabs)/profile (18.2 kB)
/(vendor_tabs)/policies (18.2 kB)
/(vendor_tabs)/dashboard (18.2 kB)
/(vendor_tabs)/add-product (18.2 kB)
/(vendor_tabs)/my-products (18.2 kB)

Exported: dist
